#
# A fatal error has been detected by the Java Runtime Environment:
#
#  EXCEPTION_ACCESS_VIOLATION (0xc0000005) at pc=0x00000000025f144b, pid=7172, tid=7680
#
# JRE version: 6.0_29-b11
# Java VM: Java HotSpot(TM) 64-Bit Server VM (20.4-b02 mixed mode windows-amd64 compressed oops)
# Problematic frame:
# j  com.unit7.study.computergraphic.labs.test.IntroductionTest.getConsoleSize()Ljava/lang/Object;+0
#
# If you would like to submit a bug report, please visit:
#   http://java.sun.com/webapps/bugreport/crash.jsp
#

---------------  T H R E A D  ---------------

Current thread (0x00000000005eb800):  JavaThread "main" [_thread_in_Java, id=7680, stack(0x00000000024e0000,0x00000000025e0000)]

siginfo: ExceptionCode=0xc0000005, reading address 0x0000002300000073

Registers:
RAX=0x0000002300000073, RBX=0x00000000bd8e3540, RCX=0xae1aad2ccd7f0000, RDX=0xffffffffffffff44
RSP=0x00000000025ded50, RBP=0x00000000025dedc0, RSI=0x00000000005eb800, RDI=0x00000000005ec358
R8 =0x0000000000000000, R9 =0x0000000000000000, R10=0x0000000000000000, R11=0x00000000025ee35b
R12=0x0000000000000000, R13=0x00000000bd8e3540, R14=0x00000000025dedd8, R15=0x00000000005eb800
RIP=0x00000000025f144b, EFLAGS=0x0000000000010202

Top of Stack: (sp=0x00000000025ded50)
0x00000000025ded50:   0000000000000000 00000000025f1366
0x00000000025ded60:   00000000005eb9d0 00000000025dedd0
0x00000000025ded70:   00000000025df001 000000006daf1da7
0x00000000025ded80:   00000000025ded80 00000000bd8e3540
0x00000000025ded90:   00000000025dedd8 00000000bd8eaea8
0x00000000025deda0:   0000000000000000 00000000bd8e3540
0x00000000025dedb0:   0000000000000000 00000000025dede0
0x00000000025dedc0:   00000000025dee20 00000000025e59c9
0x00000000025dedd0:   00000000bd8e8df0 00000000025ee35b
0x00000000025dede0:   00000000025dede0 00000000bd8e3332
0x00000000025dedf0:   00000000025dee80 00000000bd8eaea8
0x00000000025dee00:   0000000000000000 00000000bd8e3470
0x00000000025dee10:   00000000025dede0 00000000025dee80
0x00000000025dee20:   00000000025deec0 00000000025e0524
0x00000000025dee30:   0000000000000000 0000000000000000
0x00000000025dee40:   0000000000000000 0000000000000000 

Instructions: (pc=0x00000000025f144b)
0x00000000025f142b:   02 00 00 00 00 4c 3b 5d 18 0f 85 20 00 00 00 48
0x00000000025f143b:   8b 04 24 48 83 c4 10 48 85 c0 0f 84 03 00 00 00
0x00000000025f144b:   48 8b 00 48 89 45 10 48 83 ec 10 48 89 04 24 41
0x00000000025f145b:   81 bf 70 02 00 00 01 00 00 00 0f 85 c1 00 00 00 


Register to memory mapping:

RAX=0x0000002300000073 is an unknown value
RBX=0x00000000bd8e3540 is an oop
{method} 
 - klass: {other class}
RCX=0xae1aad2ccd7f0000 is an unknown value
RDX=0xffffffffffffff44 is an unknown value
RSP=0x00000000025ded50 is pointing into the stack for thread: 0x00000000005eb800
RBP=0x00000000025dedc0 is pointing into the stack for thread: 0x00000000005eb800
RSI=0x00000000005eb800 is a thread
RDI=0x00000000005ec358 is an unknown value
R8 =0x0000000000000000 is an unknown value
R9 =0x0000000000000000 is an unknown value
R10=0x0000000000000000 is an unknown value
R11=0x00000000025ee35b is an Interpreter codelet
result handlers for native calls  [0x00000000025ee340, 0x00000000025ee360]  32 bytes
R12=0x0000000000000000 is an unknown value
R13=0x00000000bd8e3540 is an oop
{method} 
 - klass: {other class}
R14=0x00000000025dedd8 is pointing into the stack for thread: 0x00000000005eb800
R15=0x00000000005eb800 is a thread


Stack: [0x00000000024e0000,0x00000000025e0000],  sp=0x00000000025ded50,  free space=1019k
Native frames: (J=compiled Java code, j=interpreted, Vv=VM code, C=native code)
j  com.unit7.study.computergraphic.labs.test.IntroductionTest.getConsoleSize()Ljava/lang/Object;+0
j  com.unit7.study.computergraphic.labs.test.IntroductionTest.testConsoleFly()V+10
v  ~StubRoutines::call_stub
V  [jvm.dll+0x1e9c17]


---------------  P R O C E S S  ---------------

Java Threads: ( => current thread )
  0x00000000061c2000 JavaThread "Low Memory Detector" daemon [_thread_blocked, id=5320, stack(0x0000000006780000,0x0000000006880000)]
  0x00000000061d4800 JavaThread "C2 CompilerThread1" daemon [_thread_blocked, id=7488, stack(0x0000000006680000,0x0000000006780000)]
  0x00000000003e7000 JavaThread "C2 CompilerThread0" daemon [_thread_blocked, id=5796, stack(0x0000000006580000,0x0000000006680000)]
  0x00000000061c1800 JavaThread "Attach Listener" daemon [_thread_blocked, id=7084, stack(0x0000000006480000,0x0000000006580000)]
  0x00000000061c0800 JavaThread "Signal Dispatcher" daemon [_thread_blocked, id=7716, stack(0x0000000006380000,0x0000000006480000)]
  0x00000000003ce800 JavaThread "Finalizer" daemon [_thread_blocked, id=5860, stack(0x0000000006080000,0x0000000006180000)]
  0x00000000003ca800 JavaThread "Reference Handler" daemon [_thread_blocked, id=7788, stack(0x0000000005f80000,0x0000000006080000)]
=>0x00000000005eb800 JavaThread "main" [_thread_in_Java, id=7680, stack(0x00000000024e0000,0x00000000025e0000)]

Other Threads:
  0x00000000003c2800 VMThread [stack: 0x0000000005e80000,0x0000000005f80000] [id=4088]
  0x00000000061e7800 WatcherThread [stack: 0x0000000006880000,0x0000000006980000] [id=7384]

VM state:not at safepoint (normal execution)

VM Mutex/Monitor currently owned by a thread: None

Heap
 PSYoungGen      total 18368K, used 763K [0x00000000eb800000, 0x00000000ecc80000, 0x0000000100000000)
  eden space 15744K, 4% used [0x00000000eb800000,0x00000000eb8beef0,0x00000000ec760000)
  from space 2624K, 0% used [0x00000000ec9f0000,0x00000000ec9f0000,0x00000000ecc80000)
  to   space 2624K, 0% used [0x00000000ec760000,0x00000000ec760000,0x00000000ec9f0000)
 PSOldGen        total 41984K, used 0K [0x00000000c2800000, 0x00000000c5100000, 0x00000000eb800000)
  object space 41984K, 0% used [0x00000000c2800000,0x00000000c2800000,0x00000000c5100000)
 PSPermGen       total 21248K, used 3020K [0x00000000bd600000, 0x00000000beac0000, 0x00000000c2800000)
  object space 21248K, 14% used [0x00000000bd600000,0x00000000bd8f3398,0x00000000beac0000)

Code Cache  [0x00000000025e0000, 0x0000000002850000, 0x00000000055e0000)
 total_blobs=180 nmethods=2 adapters=132 free_code_cache=49940864 largest_free_block=12544

Dynamic libraries:
0x0000000000400000 - 0x000000000042e000 	C:\glassfish3\jdk\bin\java.EXE
0x00000000775f0000 - 0x000000007779b000 	C:\Windows\SYSTEM32\ntdll.dll
0x00000000773d0000 - 0x00000000774ef000 	C:\Windows\system32\kernel32.dll
0x000007fefd600000 - 0x000007fefd66b000 	C:\Windows\system32\KERNELBASE.dll
0x000007feff080000 - 0x000007feff15b000 	C:\Windows\system32\ADVAPI32.dll
0x000007feff290000 - 0x000007feff32f000 	C:\Windows\system32\msvcrt.dll
0x000007feff7e0000 - 0x000007feff7ff000 	C:\Windows\SYSTEM32\sechost.dll
0x000007fefdf10000 - 0x000007fefe03e000 	C:\Windows\system32\RPCRT4.dll
0x000000006d890000 - 0x000000006e048000 	C:\glassfish3\jdk\jre\bin\server\jvm.dll
0x00000000774f0000 - 0x00000000775ea000 	C:\Windows\system32\USER32.dll
0x000007fefdb30000 - 0x000007fefdb97000 	C:\Windows\system32\GDI32.dll
0x000007feff330000 - 0x000007feff33e000 	C:\Windows\system32\LPK.dll
0x000007fefef60000 - 0x000007feff02a000 	C:\Windows\system32\USP10.dll
0x000007fef8500000 - 0x000007fef853b000 	C:\Windows\system32\WINMM.dll
0x000007feff550000 - 0x000007feff57e000 	C:\Windows\system32\IMM32.DLL
0x000007fefe040000 - 0x000007fefe149000 	C:\Windows\system32\MSCTF.dll
0x000000006d800000 - 0x000000006d80e000 	C:\glassfish3\jdk\jre\bin\verify.dll
0x000000006d450000 - 0x000000006d477000 	C:\glassfish3\jdk\jre\bin\java.dll
0x000000006d850000 - 0x000000006d862000 	C:\glassfish3\jdk\jre\bin\zip.dll
0x000007feed3a0000 - 0x000007feed3b3000 	C:\Users\unit7\sources\Eclipse\workspace\ComputerGraphic\bin\com_unit7_study_computergraphic_labs_test_IntroductionTest.dll
0x00000000777c0000 - 0x00000000777c7000 	C:\Windows\system32\PSAPI.DLL

VM Arguments:
java_command: junit.textui.TestRunner com.unit7.study.computergraphic.labs.test.IntroductionTest
Launcher Type: SUN_STANDARD

Environment Variables:
PATH=C:\oraclexe\app\oracle\product\11.2.0\server\bin;C:\Program Files (x86)\Borland\Delphi7\Bin;C:\Program Files (x86)\Borland\Delphi7\Projects\Bpl\;C:\Program Files\Broadcom\Broadcom 802.11 Network Adapter;C:\Program Files (x86)\Intel\iCLS Client\;C:\Program Files\Intel\iCLS Client\;C:\Program Files (x86)\NVIDIA Corporation\PhysX\Common;C:\Windows\system32;C:\Windows;C:\Windows\System32\Wbem;C:\Windows\System32\WindowsPowerShell\v1.0\;C:\Program Files (x86)\Intel\OpenCL SDK\2.0\bin\x86;C:\Program Files (x86)\Intel\OpenCL SDK\2.0\bin\x64;C:\Program Files\Intel\Intel(R) Management Engine Components\DAL;C:\Program Files\Intel\Intel(R) Management Engine Components\IPT;C:\Program Files (x86)\Intel\Intel(R) Management Engine Components\DAL;C:\Program Files (x86)\Intel\Intel(R) Management Engine Components\IPT;C:\Program Files (x86)\Microsoft SQL Server\100\Tools\Binn\;C:\Program Files\Microsoft SQL Server\100\Tools\Binn\;C:\Program Files\Microsoft SQL Server\100\DTS\Binn\;C:\mvn\bin;C:\Program Files (x86)\Notepad++;C:\glassfish3\jdk\bin;C:\Program Files (x86)\Git\cmd;C:\Program Files (x86)\JetBrains\IntelliJ IDEA Community Edition 11.1.2\bin\;C:\Program Files\Microsoft SQL Server\110\Tools\Binn\
USERNAME=unit7
OS=Windows_NT
PROCESSOR_IDENTIFIER=Intel64 Family 6 Model 42 Stepping 7, GenuineIntel



---------------  S Y S T E M  ---------------

OS: Windows 7 , 64 bit Build 7600 

CPU:total 2 (2 cores per cpu, 1 threads per core) family 6 model 42 stepping 7, cmov, cx8, fxsr, mmx, sse, sse2, sse3, ssse3, sse4.1, sse4.2, popcnt

Memory: 4k page, physical 4026736k(547616k free), swap 8051572k(1767784k free)

vm_info: Java HotSpot(TM) 64-Bit Server VM (20.4-b02) for windows-amd64 JRE (1.6.0_29-b11), built on Oct  3 2011 01:06:42 by "java_re" with MS VC++ 8.0 (VS2005)

time: Sun Sep 08 15:27:35 2013
elapsed time: 0 seconds

